Using pre-set license
Built from '2021.3/staging' branch; Version is '2021.3.11f1 (0a5ca18544bf) revision 679073'; Using compiler version '192829333'; Build Type 'Release'
OS: 'Windows 10  (10.0.19045) 64bit Enterprise' Language: 'tr' Physical Memory: 16185 MB
BatchMode: 1, IsHumanControllingUs: 0, StartBugReporterOnCrash: 0, Is64bit: 1, IsPro: 1

COMMAND LINE ARGUMENTS:
C:\Program Files\Unity\Hub\Editor\2021.3.11f1\Editor\Unity.exe
-adb2
-batchMode
-noUpm
-name
AssetImportWorker1
-projectPath
C:/Users/oguzh/ninja
-logFile
Logs/AssetImportWorker1.log
-srvPort
51118
Successfully changed project path to: C:/Users/oguzh/ninja
C:/Users/oguzh/ninja
[UnityMemory] Configuration Parameters - Can be set up in boot.config
    "memorysetup-bucket-allocator-granularity=16"
    "memorysetup-bucket-allocator-bucket-count=8"
    "memorysetup-bucket-allocator-block-size=33554432"
    "memorysetup-bucket-allocator-block-count=8"
    "memorysetup-main-allocator-block-size=16777216"
    "memorysetup-thread-allocator-block-size=16777216"
    "memorysetup-gfx-main-allocator-block-size=16777216"
    "memorysetup-gfx-thread-allocator-block-size=16777216"
    "memorysetup-cache-allocator-block-size=4194304"
    "memorysetup-typetree-allocator-block-size=2097152"
    "memorysetup-profiler-bucket-allocator-granularity=16"
    "memorysetup-profiler-bucket-allocator-bucket-count=8"
    "memorysetup-profiler-bucket-allocator-block-size=33554432"
    "memorysetup-profiler-bucket-allocator-block-count=8"
    "memorysetup-profiler-allocator-block-size=16777216"
    "memorysetup-profiler-editor-allocator-block-size=1048576"
    "memorysetup-temp-allocator-size-main=16777216"
    "memorysetup-job-temp-allocator-block-size=2097152"
    "memorysetup-job-temp-allocator-block-size-background=1048576"
    "memorysetup-job-temp-allocator-reduction-small-platforms=262144"
    "memorysetup-temp-allocator-size-background-worker=32768"
    "memorysetup-temp-allocator-size-job-worker=262144"
    "memorysetup-temp-allocator-size-preload-manager=33554432"
    "memorysetup-temp-allocator-size-nav-mesh-worker=65536"
    "memorysetup-temp-allocator-size-audio-worker=65536"
    "memorysetup-temp-allocator-size-cloud-worker=32768"
    "memorysetup-temp-allocator-size-gi-baking-worker=262144"
    "memorysetup-temp-allocator-size-gfx=262144"
Refreshing native plugins compatible for Editor in 142.97 ms, found 4 plugins.
Preloading 0 native plugins for Editor in 0.00 ms.
Initialize engine version: 2021.3.11f1 (0a5ca18544bf)
[Subsystems] Discovering subsystems at path C:/Program Files/Unity/Hub/Editor/2021.3.11f1/Editor/Data/Resources/UnitySubsystems
[Subsystems] Discovering subsystems at path C:/Users/oguzh/ninja/Assets
GfxDevice: creating device client; threaded=0; jobified=0
Direct3D:
    Version:  Direct3D 11.0 [level 11.1]
    Renderer: NVIDIA GeForce GTX 1660 Ti with Max-Q Design (ID=0x2191)
    Vendor:   NVIDIA
    VRAM:     5979 MB
    Driver:   31.0.15.2698
Initialize mono
Mono path[0] = 'C:/Program Files/Unity/Hub/Editor/2021.3.11f1/Editor/Data/Managed'
Mono path[1] = 'C:/Program Files/Unity/Hub/Editor/2021.3.11f1/Editor/Data/MonoBleedingEdge/lib/mono/unityjit-win32'
Mono config path = 'C:/Program Files/Unity/Hub/Editor/2021.3.11f1/Editor/Data/MonoBleedingEdge/etc'
Using monoOptions --debugger-agent=transport=dt_socket,embedding=1,server=y,suspend=n,address=127.0.0.1:56940
Begin MonoManager ReloadAssembly
Registering precompiled unity dll's ...
Register platform support module: C:/Program Files/Unity/Hub/Editor/2021.3.11f1/Editor/Data/PlaybackEngines/WebGLSupport/UnityEditor.WebGL.Extensions.dll
Register platform support module: C:/Program Files/Unity/Hub/Editor/2021.3.11f1/Editor/Data/PlaybackEngines/WindowsStandaloneSupport/UnityEditor.WindowsStandalone.Extensions.dll
Registered in 0.011265 seconds.
Native extension for WindowsStandalone target not found
Native extension for WebGL target not found
Refreshing native plugins compatible for Editor in 146.02 ms, found 4 plugins.
Preloading 0 native plugins for Editor in 0.00 ms.
Mono: successfully reloaded assembly
- Completed reload, in  0.929 seconds
Domain Reload Profiling:
	ReloadAssembly (930ms)
		BeginReloadAssembly (112ms)
			ExecutionOrderSort (0ms)
			DisableScriptedObjects (0ms)
			BackupInstance (0ms)
			ReleaseScriptingObjects (0ms)
			CreateAndSetChildDomain (1ms)
		EndReloadAssembly (652ms)
			LoadAssemblies (110ms)
			RebuildTransferFunctionScriptingTraits (0ms)
			SetupTypeCache (149ms)
			ReleaseScriptCaches (0ms)
			RebuildScriptCaches (45ms)
			SetupLoadedEditorAssemblies (391ms)
				LogAssemblyErrors (0ms)
				InitializePlatformSupportModulesInManaged (12ms)
				SetLoadedEditorAssemblies (0ms)
				RefreshPlugins (146ms)
				BeforeProcessingInitializeOnLoad (2ms)
				ProcessInitializeOnLoadAttributes (161ms)
				ProcessInitializeOnLoadMethodAttributes (70ms)
				AfterProcessingInitializeOnLoad (0ms)
				EditorAssembliesLoaded (0ms)
			ExecutionOrderSort2 (0ms)
			AwakeInstancesAfterBackupRestoration (0ms)
Platform modules already initialized, skipping
Registering precompiled user dll's ...
Registered in 0.007719 seconds.
Begin MonoManager ReloadAssembly
Symbol file LoadedFromMemory doesn't match image C:\Users\oguzh\ninja\Library\PackageCache\com.unity.visualscripting@1.7.8\Editor\VisualScripting.Core\Dependencies\YamlDotNet\Unity.VisualScripting.YamlDotNet.dll
Symbol file LoadedFromMemory doesn't match image C:\Users\oguzh\ninja\Library\PackageCache\com.unity.visualscripting@1.7.8\Editor\VisualScripting.Core\Dependencies\DotNetZip\Unity.VisualScripting.IonicZip.dll
Native extension for WindowsStandalone target not found
Native extension for WebGL target not found
Refreshing native plugins compatible for Editor in 147.83 ms, found 4 plugins.
Preloading 0 native plugins for Editor in 0.00 ms.
Mono: successfully reloaded assembly
- Completed reload, in  1.899 seconds
Domain Reload Profiling:
	ReloadAssembly (1901ms)
		BeginReloadAssembly (172ms)
			ExecutionOrderSort (0ms)
			DisableScriptedObjects (12ms)
			BackupInstance (0ms)
			ReleaseScriptingObjects (0ms)
			CreateAndSetChildDomain (28ms)
		EndReloadAssembly (1555ms)
			LoadAssemblies (149ms)
			RebuildTransferFunctionScriptingTraits (0ms)
			SetupTypeCache (380ms)
			ReleaseScriptCaches (1ms)
			RebuildScriptCaches (90ms)
			SetupLoadedEditorAssemblies (849ms)
				LogAssemblyErrors (0ms)
				InitializePlatformSupportModulesInManaged (6ms)
				SetLoadedEditorAssemblies (0ms)
				RefreshPlugins (148ms)
				BeforeProcessingInitializeOnLoad (158ms)
				ProcessInitializeOnLoadAttributes (410ms)
				ProcessInitializeOnLoadMethodAttributes (111ms)
				AfterProcessingInitializeOnLoad (15ms)
				EditorAssembliesLoaded (0ms)
			ExecutionOrderSort2 (0ms)
			AwakeInstancesAfterBackupRestoration (19ms)
Platform modules already initialized, skipping
========================================================================
Worker process is ready to serve import requests
Launched and connected shader compiler UnityShaderCompiler.exe after 0.09 seconds
Refreshing native plugins compatible for Editor in 2.01 ms, found 4 plugins.
Preloading 0 native plugins for Editor in 0.00 ms.
Unloading 4084 Unused Serialized files (Serialized files now loaded: 0)
Unloading 44 unused Assets / (229.0 KB). Loaded Objects now: 4536.
Memory consumption went from 154.3 MB to 154.1 MB.
Total: 7.776200 ms (FindLiveObjects: 0.632800 ms CreateObjectMapping: 0.542600 ms MarkObjects: 6.266500 ms  DeleteObjects: 0.332800 ms)

AssetImportParameters requested are different than current active one (requested -> active):
  custom:video-decoder-ogg-theora: a1e56fd34408186e4bbccfd4996cb3dc -> 
  custom:container-muxer-webm: aa71ff27fc2769a1b78a27578f13a17b -> 
  custom:container-demuxer-webm: 4f35f7cbe854078d1ac9338744f61a02 -> 
  custom:video-encoder-webm-vp8: eb34c28f22e8b96e1ab97ce403110664 -> 
  custom:audio-encoder-webm-vorbis: bf7c407c2cedff20999df2af8eb42d56 -> 
  custom:framework-win-MediaFoundation: 216162199b28c13a410421893ffa2e32 -> 
  custom:container-demuxer-ogg: 62fdf1f143b41e24485cea50d1cbac27 -> 
  custom:video-decoder-webm-vp8: 9c59270c3fd7afecdb556c50c9e8de78 -> 
  custom:audio-decoder-ogg-vorbis: bf7c407c2cedff20999df2af8eb42d56 -> 
========================================================================
Received Import Request.
  Time since last request: 847134.545332 seconds.
  path: Assets/BayatGames/BayatGames/Free Platform Game Assets/Tiles/2D Tiles ( Update 1.9 )/Autumn/512x512/GrassCliffRight.png
  artifactKey: Guid(265524f47bb91e844a279a73306cb424) Importer(815301076,1909f56bfc062723c751e8b465ee728b)
Start importing Assets/BayatGames/BayatGames/Free Platform Game Assets/Tiles/2D Tiles ( Update 1.9 )/Autumn/512x512/GrassCliffRight.png using Guid(265524f47bb91e844a279a73306cb424) Importer(815301076,1909f56bfc062723c751e8b465ee728b)  -> (artifact id: '4b0db0a60a85c399c7038e0e6e4bc780') in 0.203306 seconds 
========================================================================
Received Import Request.
  Time since last request: 0.000022 seconds.
  path: Assets/BayatGames/BayatGames/Free Platform Game Assets/Tiles/2D Tiles ( Update 1.9 )/Autumn/128x128/GrassJoinHillRight.png
  artifactKey: Guid(ef6deb59c78310043951c1da01813add) Importer(815301076,1909f56bfc062723c751e8b465ee728b)
Start importing Assets/BayatGames/BayatGames/Free Platform Game Assets/Tiles/2D Tiles ( Update 1.9 )/Autumn/128x128/GrassJoinHillRight.png using Guid(ef6deb59c78310043951c1da01813add) Importer(815301076,1909f56bfc062723c751e8b465ee728b)  -> (artifact id: '4e38d10f6d77f7316ae8969657c6b9cf') in 0.032801 seconds 
========================================================================
Received Import Request.
  Time since last request: 0.000035 seconds.
  path: Assets/BayatGames/BayatGames/Free Platform Game Assets/Tiles/2D Tiles ( Update 1.9 )/Autumn/512x512/GrassJoinHillLeft.png
  artifactKey: Guid(29853250a79ce524ca05974cbe27b15c) Importer(815301076,1909f56bfc062723c751e8b465ee728b)
Start importing Assets/BayatGames/BayatGames/Free Platform Game Assets/Tiles/2D Tiles ( Update 1.9 )/Autumn/512x512/GrassJoinHillLeft.png using Guid(29853250a79ce524ca05974cbe27b15c) Importer(815301076,1909f56bfc062723c751e8b465ee728b)  -> (artifact id: '60de8186339decac924d7878c2b1c181') in 0.047006 seconds 
========================================================================
Received Import Request.
  Time since last request: 0.000044 seconds.
  path: Assets/BayatGames/BayatGames/Free Platform Game Assets/Tiles/2D Tiles ( Update 1.9 )/Autumn/128x128/GrassHillLeft2.png
  artifactKey: Guid(c4f1b75a04811774f88928aa05503459) Importer(815301076,1909f56bfc062723c751e8b465ee728b)
Start importing Assets/BayatGames/BayatGames/Free Platform Game Assets/Tiles/2D Tiles ( Update 1.9 )/Autumn/128x128/GrassHillLeft2.png using Guid(c4f1b75a04811774f88928aa05503459) Importer(815301076,1909f56bfc062723c751e8b465ee728b)  -> (artifact id: '1353b3b2a1e644f2e4fffd4e9899b36b') in 0.028451 seconds 
========================================================================
Received Import Request.
  Time since last request: 0.000023 seconds.
  path: Assets/BayatGames/BayatGames/Free Platform Game Assets/Tiles/2D Tiles ( Update 1.9 )/Autumn/128x128/GrassMid.png
  artifactKey: Guid(81a811ecc61d9c14d93f7dbdeee253da) Importer(815301076,1909f56bfc062723c751e8b465ee728b)
Start importing Assets/BayatGames/BayatGames/Free Platform Game Assets/Tiles/2D Tiles ( Update 1.9 )/Autumn/128x128/GrassMid.png using Guid(81a811ecc61d9c14d93f7dbdeee253da) Importer(815301076,1909f56bfc062723c751e8b465ee728b)  -> (artifact id: '77ac3d0b07916d0acef9d633a2e440bc') in 0.034875 seconds 
========================================================================
Received Import Request.
  Time since last request: 0.000024 seconds.
  path: Assets/BayatGames/BayatGames/Free Platform Game Assets/Tiles/2D Tiles ( Update 1.9 )/Autumn/128x128/GrassJoinHillRight2 DownShadow.png
  artifactKey: Guid(cf009cee68ffabd4da43cef4a293d372) Importer(815301076,1909f56bfc062723c751e8b465ee728b)
Start importing Assets/BayatGames/BayatGames/Free Platform Game Assets/Tiles/2D Tiles ( Update 1.9 )/Autumn/128x128/GrassJoinHillRight2 DownShadow.png using Guid(cf009cee68ffabd4da43cef4a293d372) Importer(815301076,1909f56bfc062723c751e8b465ee728b)  -> (artifact id: 'f4000321fbded795c56d17d259b21a8e') in 0.029823 seconds 
========================================================================
Received Import Request.
  Time since last request: 0.000023 seconds.
  path: Assets/BayatGames/BayatGames/Free Platform Game Assets/Tiles/2D Tiles ( Update 1.9 )/Autumn/128x128/GrassJoinHillRight2&Left2.png
  artifactKey: Guid(c572dafcaa2932f4980111a2b4ab977e) Importer(815301076,1909f56bfc062723c751e8b465ee728b)
Start importing Assets/BayatGames/BayatGames/Free Platform Game Assets/Tiles/2D Tiles ( Update 1.9 )/Autumn/128x128/GrassJoinHillRight2&Left2.png using Guid(c572dafcaa2932f4980111a2b4ab977e) Importer(815301076,1909f56bfc062723c751e8b465ee728b)  -> (artifact id: '793a37b6db7e91c83a9bf5d0b10a05d9') in 0.032174 seconds 
========================================================================
Received Import Request.
  Time since last request: 0.000044 seconds.
  path: Assets/BayatGames/BayatGames/Free Platform Game Assets/Tiles/2D Tiles ( Update 1.9 )/Autumn/512x512/GrassHillRight2.png
  artifactKey: Guid(e5e5fed44d8e4c04d8f49db07c3144fd) Importer(815301076,1909f56bfc062723c751e8b465ee728b)
Start importing Assets/BayatGames/BayatGames/Free Platform Game Assets/Tiles/2D Tiles ( Update 1.9 )/Autumn/512x512/GrassHillRight2.png using Guid(e5e5fed44d8e4c04d8f49db07c3144fd) Importer(815301076,1909f56bfc062723c751e8b465ee728b)  -> (artifact id: 'd75b2ea408b5cd48560aefbace21f20a') in 0.042015 seconds 
========================================================================
Received Import Request.
  Time since last request: 0.000033 seconds.
  path: Assets/BayatGames/BayatGames/Free Platform Game Assets/Tiles/2D Tiles ( Update 1.9 )/Autumn/128x128/GrassLeft.png
  artifactKey: Guid(d1736567c2c2dd3429ca987e6cd63763) Importer(815301076,1909f56bfc062723c751e8b465ee728b)
Start importing Assets/BayatGames/BayatGames/Free Platform Game Assets/Tiles/2D Tiles ( Update 1.9 )/Autumn/128x128/GrassLeft.png using Guid(d1736567c2c2dd3429ca987e6cd63763) Importer(815301076,1909f56bfc062723c751e8b465ee728b)  -> (artifact id: '74215b6ce4a3bfcd6502f85ad2d8b00e') in 0.030179 seconds 
========================================================================
Received Import Request.
  Time since last request: 0.000029 seconds.
  path: Assets/BayatGames/BayatGames/Free Platform Game Assets/Tiles/2D Tiles ( Update 1.9 )/Autumn/512x512/GrassJoinHillLeft&Right.png
  artifactKey: Guid(2d4942dcddcf47b4bb00b7c9433c4a0c) Importer(815301076,1909f56bfc062723c751e8b465ee728b)
Start importing Assets/BayatGames/BayatGames/Free Platform Game Assets/Tiles/2D Tiles ( Update 1.9 )/Autumn/512x512/GrassJoinHillLeft&Right.png using Guid(2d4942dcddcf47b4bb00b7c9433c4a0c) Importer(815301076,1909f56bfc062723c751e8b465ee728b)  -> (artifact id: '3f2c0699efb873ffd0d760b20f7f0a14') in 0.044239 seconds 
========================================================================
Received Import Request.
  Time since last request: 0.000022 seconds.
  path: Assets/BayatGames/BayatGames/Free Platform Game Assets/Tiles/2D Tiles ( Update 1.9 )/Autumn/512x512/GrassLeft.png
  artifactKey: Guid(348d272722cb2d14db61ac6af4af22e6) Importer(815301076,1909f56bfc062723c751e8b465ee728b)
Start importing Assets/BayatGames/BayatGames/Free Platform Game Assets/Tiles/2D Tiles ( Update 1.9 )/Autumn/512x512/GrassLeft.png using Guid(348d272722cb2d14db61ac6af4af22e6) Importer(815301076,1909f56bfc062723c751e8b465ee728b)  -> (artifact id: '1b2066346d4ce14434a3d8fc17db8c90') in 0.044416 seconds 
========================================================================
Received Import Request.
  Time since last request: 0.000020 seconds.
  path: Assets/BayatGames/BayatGames/Free Platform Game Assets/Tiles/2D Tiles ( Update 1.9 )/Autumn/128x128/GrassHillRight.png
  artifactKey: Guid(b7918b0510151184f8eaeb13c7e8a1ae) Importer(815301076,1909f56bfc062723c751e8b465ee728b)
Start importing Assets/BayatGames/BayatGames/Free Platform Game Assets/Tiles/2D Tiles ( Update 1.9 )/Autumn/128x128/GrassHillRight.png using Guid(b7918b0510151184f8eaeb13c7e8a1ae) Importer(815301076,1909f56bfc062723c751e8b465ee728b)  -> (artifact id: 'f3ca948f77c4da49f36f10296a3096a7') in 0.036974 seconds 
========================================================================
Received Import Request.
  Time since last request: 0.000035 seconds.
  path: Assets/BayatGames/BayatGames/Free Platform Game Assets/Tiles/2D Tiles ( Update 1.9 )/Autumn/128x128/GrassHillLeft2 DownShadow.png
  artifactKey: Guid(6bc26ef4f80039146b0387478da839b1) Importer(815301076,1909f56bfc062723c751e8b465ee728b)
Start importing Assets/BayatGames/BayatGames/Free Platform Game Assets/Tiles/2D Tiles ( Update 1.9 )/Autumn/128x128/GrassHillLeft2 DownShadow.png using Guid(6bc26ef4f80039146b0387478da839b1) Importer(815301076,1909f56bfc062723c751e8b465ee728b)  -> (artifact id: 'a65a789196d50ec52b2fe592d2502519') in 0.028425 seconds 
========================================================================
Received Import Request.
  Time since last request: 0.000028 seconds.
  path: Assets/BayatGames/BayatGames/Free Platform Game Assets/Tiles/2D Tiles ( Update 1.9 )/Autumn/128x128/GrassHillRight2 DownShadow.png
  artifactKey: Guid(7a066788bddaf4443ac747cea9ab415c) Importer(815301076,1909f56bfc062723c751e8b465ee728b)
Start importing Assets/BayatGames/BayatGames/Free Platform Game Assets/Tiles/2D Tiles ( Update 1.9 )/Autumn/128x128/GrassHillRight2 DownShadow.png using Guid(7a066788bddaf4443ac747cea9ab415c) Importer(815301076,1909f56bfc062723c751e8b465ee728b)  -> (artifact id: '7e442defbd1c4e62c1c6275d24938feb') in 0.035561 seconds 
========================================================================
Received Import Request.
  Time since last request: 0.000032 seconds.
  path: Assets/BayatGames/BayatGames/Free Platform Game Assets/Tiles/2D Tiles ( Update 1.9 )/Autumn/512x512/GrassJoinHillRight2 DownShadow.png
  artifactKey: Guid(fe1a7db9cb5745742835e96a2cdded33) Importer(815301076,1909f56bfc062723c751e8b465ee728b)
Start importing Assets/BayatGames/BayatGames/Free Platform Game Assets/Tiles/2D Tiles ( Update 1.9 )/Autumn/512x512/GrassJoinHillRight2 DownShadow.png using Guid(fe1a7db9cb5745742835e96a2cdded33) Importer(815301076,1909f56bfc062723c751e8b465ee728b)  -> (artifact id: 'f91f371b07f9e783b4200ca9284549cf') in 0.039736 seconds 
========================================================================
Received Import Request.
  Time since last request: 0.000021 seconds.
  path: Assets/BayatGames/BayatGames/Free Platform Game Assets/Tiles/2D Tiles ( Update 1.9 )/Autumn/128x128/GrassColumn.png
  artifactKey: Guid(d171fb091351c454492d8c6c8b00da87) Importer(815301076,1909f56bfc062723c751e8b465ee728b)
Start importing Assets/BayatGames/BayatGames/Free Platform Game Assets/Tiles/2D Tiles ( Update 1.9 )/Autumn/128x128/GrassColumn.png using Guid(d171fb091351c454492d8c6c8b00da87) Importer(815301076,1909f56bfc062723c751e8b465ee728b)  -> (artifact id: '3a036677be0d4005b546ba8b9d8daf8a') in 0.038586 seconds 
========================================================================
Received Import Request.
  Time since last request: 1.624589 seconds.
  path: Assets/BayatGames/BayatGames/Free Platform Game Assets/Backgrounds/New Background ( Update 1.9 )/png/1920x1080/all/Mid (2).png
  artifactKey: Guid(55674563b1ba79c4faabdc4cdbdbcf59) Importer(815301076,1909f56bfc062723c751e8b465ee728b)
Start importing Assets/BayatGames/BayatGames/Free Platform Game Assets/Backgrounds/New Background ( Update 1.9 )/png/1920x1080/all/Mid (2).png using Guid(55674563b1ba79c4faabdc4cdbdbcf59) Importer(815301076,1909f56bfc062723c751e8b465ee728b)  -> (artifact id: 'dd5c60e9b0adc23ef2eccef240e1e9a3') in 0.226195 seconds 
========================================================================
Received Import Request.
  Time since last request: 0.000033 seconds.
  path: Assets/BayatGames/BayatGames/Free Platform Game Assets/Backgrounds/New Background ( Update 1.9 )/png/1920x1080/all/Mid.png
  artifactKey: Guid(6b1b548d67ce21040b08e00d8bb97f62) Importer(815301076,1909f56bfc062723c751e8b465ee728b)
Start importing Assets/BayatGames/BayatGames/Free Platform Game Assets/Backgrounds/New Background ( Update 1.9 )/png/1920x1080/all/Mid.png using Guid(6b1b548d67ce21040b08e00d8bb97f62) Importer(815301076,1909f56bfc062723c751e8b465ee728b)  -> (artifact id: '6c1a1bec5a2fdc3a7481426916f8b139') in 0.128750 seconds 
========================================================================
Received Import Request.
  Time since last request: 22.920303 seconds.
  path: Assets/Canvas.prefab
  artifactKey: Guid(418a4d355e759c049a312f07cbf23f38) Importer(815301076,1909f56bfc062723c751e8b465ee728b)
Start importing Assets/Canvas.prefab using Guid(418a4d355e759c049a312f07cbf23f38) Importer(815301076,1909f56bfc062723c751e8b465ee728b)  -> (artifact id: '431ca7a9ed8682ff84d0859f4683b408') in 0.093668 seconds 
========================================================================
Received Import Request.
  Time since last request: 0.000028 seconds.
  path: Assets/engel1 1.prefab
  artifactKey: Guid(d594129d06a39df45b69ad1b5c528e47) Importer(815301076,1909f56bfc062723c751e8b465ee728b)
Start importing Assets/engel1 1.prefab using Guid(d594129d06a39df45b69ad1b5c528e47) Importer(815301076,1909f56bfc062723c751e8b465ee728b)  -> (artifact id: '43c3dad1e3f45a821b5ed17c996f8f4d') in 0.052173 seconds 
Editor requested this worker to shutdown with reason: Scaling down because of idle timeout
AssetImportWorker is now disconnected from the server
Process exiting
Exiting without the bug reporter. Application will terminate with return code 0